
/home/runner/work/exp-aes-iiith/exp-aes-iiith/experiment/simulation/js/aes-dec.js
  566:10  warning  'prepare_decryption' is defined but never used  no-unused-vars
  569:21  warning  'maxrk' is not defined                          no-undef
  571:17  warning  'keyExpansion' is not defined                   no-undef
  575:14  warning  'maxrk' is not defined                          no-undef
  587:33  warning  'B0' is not defined                             no-undef
  587:45  warning  'B1' is not defined                             no-undef
  587:57  warning  'B2' is not defined                             no-undef
  587:69  warning  'B3' is not defined                             no-undef
  588:33  warning  'B0' is not defined                             no-undef
  588:45  warning  'B1' is not defined                             no-undef
  588:57  warning  'B2' is not defined                             no-undef
  588:69  warning  'B3' is not defined                             no-undef
  589:33  warning  'B0' is not defined                             no-undef
  589:45  warning  'B1' is not defined                             no-undef
  589:57  warning  'B2' is not defined                             no-undef
  589:69  warning  'B3' is not defined                             no-undef
  590:33  warning  'B0' is not defined                             no-undef
  590:45  warning  'B1' is not defined                             no-undef
  590:57  warning  'B2' is not defined                             no-undef
  590:69  warning  'B3' is not defined                             no-undef
  597:10  warning  'AESdecrypt' is defined but never used          no-unused-vars
  603:11  warning  'packBytes' is not defined                      no-undef
  612:15  warning  'B0' is not defined                             no-undef
  612:28  warning  'B1' is not defined                             no-undef
  612:41  warning  'B2' is not defined                             no-undef
  612:54  warning  'B3' is not defined                             no-undef
  613:15  warning  'B0' is not defined                             no-undef
  613:28  warning  'B1' is not defined                             no-undef
  613:41  warning  'B2' is not defined                             no-undef
  613:54  warning  'B3' is not defined                             no-undef
  614:15  warning  'B0' is not defined                             no-undef
  614:28  warning  'B1' is not defined                             no-undef
  614:41  warning  'B2' is not defined                             no-undef
  614:54  warning  'B3' is not defined                             no-undef
  615:15  warning  'B0' is not defined                             no-undef
  615:28  warning  'B1' is not defined                             no-undef
  615:41  warning  'B2' is not defined                             no-undef
  615:54  warning  'B3' is not defined                             no-undef
  624:13  warning  'B0' is not defined                             no-undef
  624:27  warning  'B1' is not defined                             no-undef
  624:45  warning  'B2' is not defined                             no-undef
  624:64  warning  'B3' is not defined                             no-undef
  625:13  warning  'B0' is not defined                             no-undef
  625:27  warning  'B1' is not defined                             no-undef
  625:45  warning  'B2' is not defined                             no-undef
  625:64  warning  'B3' is not defined                             no-undef
  626:13  warning  'B0' is not defined                             no-undef
  626:27  warning  'B1' is not defined                             no-undef
  626:45  warning  'B2' is not defined                             no-undef
  626:64  warning  'B3' is not defined                             no-undef
  627:13  warning  'B0' is not defined                             no-undef
  627:27  warning  'B1' is not defined                             no-undef
  627:45  warning  'B2' is not defined                             no-undef
  627:64  warning  'B3' is not defined                             no-undef
  634:10  warning  'unpackBytes' is not defined                    no-undef

/home/runner/work/exp-aes-iiith/exp-aes-iiith/experiment/simulation/js/aes-enc.js
  352:10  warning  'keyExpansion' is defined but never used  no-unused-vars
  445:10  warning  'AESencrypt' is defined but never used    no-unused-vars

/home/runner/work/exp-aes-iiith/exp-aes-iiith/experiment/simulation/js/aes-test.js
   62:10  warning  'byteArrayToHex' is defined but never used   no-unused-vars
   72:10  warning  'hex2s' is defined but never used            no-unused-vars
   92:13  warning  'blockSizeInBits' is not defined             no-undef
  135:10  warning  'rijndaelEncrypt' is defined but never used  no-unused-vars
  137:13  warning  'blockSizeInBits' is not defined             no-undef
  142:23  warning  'keySizeInBits' is not defined               no-undef
  154:25  warning  'keyExpansion' is not defined                no-undef
  159:16  warning  'i' is already defined                       no-redeclare
  161:20  warning  'AESencrypt' is not defined                  no-undef
  178:10  warning  'rijndaelDecrypt' is defined but never used  no-unused-vars
  179:13  warning  'blockSizeInBits' is not defined             no-undef
  192:22  warning  'keySizeInBits' is not defined               no-undef
  197:25  warning  'prepare_decryption' is not defined          no-undef
  202:6   warning  'AESdecrypt' is not defined                  no-undef
  212:10  warning  'AESdecrypt' is not defined                  no-undef

/home/runner/work/exp-aes-iiith/exp-aes-iiith/experiment/simulation/js/aes.js
    9:1   warning  Mixed spaces and tabs                      no-mixed-spaces-and-tabs
   16:10  warning  'doEncryption' is defined but never used   no-unused-vars
   20:3   warning  'blockSizeInBits' is not defined           no-undef
   21:3   warning  'keySizeInBits' is not defined             no-undef
   31:37  warning  'keySizeInBits' is not defined             no-undef
   32:22  warning  'keySizeInBits' is not defined             no-undef
   33:12  warning  'keySizeInBits' is not defined             no-undef
   39:43  warning  'blockSizeInBits' is not defined           no-undef
   40:22  warning  'blockSizeInBits' is not defined           no-undef
   41:12  warning  'blockSizeInBits' is not defined           no-undef
   47:8   warning  'hex2s' is not defined                     no-undef
   48:9   warning  'hex2s' is not defined                     no-undef
   49:30  warning  'byteArrayToHex' is not defined            no-undef
   49:45  warning  'rijndaelEncrypt' is not defined           no-undef
   56:10  warning  'doDecryption' is defined but never used   no-unused-vars
   59:3   warning  'blockSizeInBits' is not defined           no-undef
   60:3   warning  'keySizeInBits' is not defined             no-undef
   67:37  warning  'keySizeInBits' is not defined             no-undef
   68:22  warning  'keySizeInBits' is not defined             no-undef
   69:12  warning  'keySizeInBits' is not defined             no-undef
   75:44  warning  'blockSizeInBits' is not defined           no-undef
   76:22  warning  'blockSizeInBits' is not defined           no-undef
   77:12  warning  'blockSizeInBits' is not defined           no-undef
   83:8   warning  'hex2s' is not defined                     no-undef
   84:9   warning  'hex2s' is not defined                     no-undef
   85:29  warning  'byteArrayToHex' is not defined            no-undef
   85:44  warning  'rijndaelDecrypt' is not defined           no-undef
   95:10  warning  'selectMode' is defined but never used     no-unused-vars
  119:1   warning  Mixed spaces and tabs                      no-mixed-spaces-and-tabs
  126:10  warning  'nextPlainText' is defined but never used  no-unused-vars
  138:10  warning  'nextKey' is defined but never used        no-unused-vars
  144:10  warning  'nextIV' is defined but never used         no-unused-vars
  149:10  warning  'nextCTR' is defined but never used        no-unused-vars
  160:1   warning  Mixed spaces and tabs                      no-mixed-spaces-and-tabs
  169:11  warning  'i' is already defined                     no-redeclare
  173:1   warning  Mixed spaces and tabs                      no-mixed-spaces-and-tabs
  176:3   warning  Mixed spaces and tabs                      no-mixed-spaces-and-tabs
  186:1   warning  Mixed spaces and tabs                      no-mixed-spaces-and-tabs
  188:4   warning  'carry0ver' is not defined                 no-undef
  197:1   warning  Mixed spaces and tabs                      no-mixed-spaces-and-tabs
  198:10  warning  'i' is not defined                         no-undef
  198:29  warning  'i' is not defined                         no-undef
  198:35  warning  'i' is not defined                         no-undef
  199:30  warning  'i' is not defined                         no-undef
  200:3   warning  Mixed spaces and tabs                      no-mixed-spaces-and-tabs
  204:10  warning  'displayXOR' is defined but never used     no-unused-vars
  211:10  warning  'checkAnswer' is defined but never used    no-unused-vars
  222:12  warning  'hex2s' is not defined                     no-undef
  225:4   warning  Mixed spaces and tabs                      no-mixed-spaces-and-tabs
  225:11  warning  'i' is not defined                         no-undef
  225:16  warning  'i' is not defined                         no-undef
  225:38  warning  'i' is not defined                         no-undef
  226:1   warning  Mixed spaces and tabs                      no-mixed-spaces-and-tabs
  226:30  warning  'i' is not defined                         no-undef
  227:2   warning  Mixed spaces and tabs                      no-mixed-spaces-and-tabs
  227:16  warning  'byteArrayToHex' is not defined            no-undef
  227:31  warning  'rijndaelEncrypt' is not defined           no-undef
  227:47  warning  'hex2s' is not defined                     no-undef
  234:4   warning  Mixed spaces and tabs                      no-mixed-spaces-and-tabs
  234:11  warning  'i' is not defined                         no-undef
  234:16  warning  'i' is not defined                         no-undef
  234:38  warning  'i' is not defined                         no-undef
  235:1   warning  Mixed spaces and tabs                      no-mixed-spaces-and-tabs
  235:10  warning  'pt' is already defined                    no-redeclare
  235:30  warning  'i' is not defined                         no-undef
  236:1   warning  Mixed spaces and tabs                      no-mixed-spaces-and-tabs
  236:35  warning  'i' is not defined                         no-undef
  237:2   warning  Mixed spaces and tabs                      no-mixed-spaces-and-tabs
  237:11  warning  'byteArrayToHex' is not defined            no-undef
  237:26  warning  'rijndaelEncrypt' is not defined           no-undef
  237:42  warning  'hex2s' is not defined                     no-undef
  243:4   warning  Mixed spaces and tabs                      no-mixed-spaces-and-tabs
  243:11  warning  'i' is not defined                         no-undef
  243:16  warning  'i' is not defined                         no-undef
  243:38  warning  'i' is not defined                         no-undef
  244:1   warning  Mixed spaces and tabs                      no-mixed-spaces-and-tabs
  244:10  warning  'pt' is already defined                    no-redeclare
  244:30  warning  'i' is not defined                         no-undef
  245:2   warning  Mixed spaces and tabs                      no-mixed-spaces-and-tabs
  245:11  warning  'byteArrayToHex' is not defined            no-undef
  245:26  warning  'rijndaelEncrypt' is not defined           no-undef
  245:42  warning  'hex2s' is not defined                     no-undef
  251:4   warning  Mixed spaces and tabs                      no-mixed-spaces-and-tabs
  251:11  warning  'i' is not defined                         no-undef
  251:16  warning  'i' is not defined                         no-undef
  251:38  warning  'i' is not defined                         no-undef
  252:1   warning  Mixed spaces and tabs                      no-mixed-spaces-and-tabs
  252:10  warning  'pt' is already defined                    no-redeclare
  252:30  warning  'i' is not defined                         no-undef
  253:8   warning  'ctr' is already defined                   no-redeclare
  254:8   warning  'ri' is already defined                    no-redeclare
  254:13  warning  'byteArrayToHex' is not defined            no-undef
  254:28  warning  'rijndaelEncrypt' is not defined           no-undef
  254:44  warning  'hex2s' is not defined                     no-undef

✖ 166 problems (0 errors, 166 warnings)

